c:\users\borda\documents\visual studio 2013\projects\neuralstuff\neuralstuff\debug\vc120.pdb
c:\users\borda\documents\visual studio 2013\projects\neuralstuff\neuralstuff\debug\vc120.idb
c:\users\borda\documents\visual studio 2013\projects\neuralstuff\neuralstuff\debug\connection.obj
c:\users\borda\documents\visual studio 2013\projects\neuralstuff\neuralstuff\debug\layer.obj
c:\users\borda\documents\visual studio 2013\projects\neuralstuff\neuralstuff\debug\main.obj
c:\users\borda\documents\visual studio 2013\projects\neuralstuff\neuralstuff\debug\global_source.obj
c:\users\borda\documents\visual studio 2013\projects\neuralstuff\neuralstuff\debug\weightnet.obj
c:\users\borda\documents\visual studio 2013\projects\neuralstuff\neuralstuff\debug\nnetwork.obj
c:\users\borda\documents\visual studio 2013\projects\neuralstuff\neuralstuff\debug\perceptron.obj
c:\users\borda\documents\visual studio 2013\projects\neuralstuff\neuralstuff\debug\reader.obj
c:\users\borda\documents\visual studio 2013\projects\neuralstuff\neuralstuff\debug\source.obj
c:\users\borda\documents\visual studio 2013\projects\neuralstuff\neuralstuff\debug\other_file_reader.obj
c:\users\borda\documents\visual studio 2013\projects\neuralstuff\debug\neuralstuff.ilk
c:\users\borda\documents\visual studio 2013\projects\neuralstuff\debug\neuralstuff.exe
c:\users\borda\documents\visual studio 2013\projects\neuralstuff\debug\neuralstuff.pdb
c:\users\borda\documents\visual studio 2013\projects\neuralstuff\neuralstuff\debug\neuralstuff.res
c:\users\borda\documents\visual studio 2013\projects\neuralstuff\neuralstuff\debug\neuralstuff.tlog\cl.command.1.tlog
c:\users\borda\documents\visual studio 2013\projects\neuralstuff\neuralstuff\debug\neuralstuff.tlog\cl.read.1.tlog
c:\users\borda\documents\visual studio 2013\projects\neuralstuff\neuralstuff\debug\neuralstuff.tlog\cl.write.1.tlog
c:\users\borda\documents\visual studio 2013\projects\neuralstuff\neuralstuff\debug\neuralstuff.tlog\link.command.1.tlog
c:\users\borda\documents\visual studio 2013\projects\neuralstuff\neuralstuff\debug\neuralstuff.tlog\link.read.1.tlog
c:\users\borda\documents\visual studio 2013\projects\neuralstuff\neuralstuff\debug\neuralstuff.tlog\link.write.1.tlog
c:\users\borda\documents\visual studio 2013\projects\neuralstuff\neuralstuff\debug\neuralstuff.tlog\rc.command.1.tlog
c:\users\borda\documents\visual studio 2013\projects\neuralstuff\neuralstuff\debug\neuralstuff.tlog\rc.read.1.tlog
c:\users\borda\documents\visual studio 2013\projects\neuralstuff\neuralstuff\debug\neuralstuff.tlog\rc.write.1.tlog
